<?xml version="1.0" encoding="UTF-8"?>
<!-- Generated by org.testng.reporters.JUnitXMLReporter -->
<testsuite ignored="1" hostname="URNA" failures="0" tests="1" name="Default test" time="8.697" errors="0" timestamp="2025-06-23T22:19:32 IST">
  <testcase classname="com.ecom_automation.testcases.Search" name="verifySearchWithInalidProductName" time="1.582"/>
  <testcase classname="com.ecom_automation.testcases.Search" name="verifySearchWithValidProductName" time="0.0">
    <ignored/>
  </testcase> <!-- verifySearchWithValidProductName -->
</testsuite> <!-- Default test -->
