<?xml version="1.0" encoding="UTF-8"?>
<!-- Generated by org.testng.reporters.JUnitXMLReporter -->
<testsuite ignored="1" hostname="URNA" failures="0" tests="1" name="Default test" time="21.593" errors="0" timestamp="2025-06-19T23:03:28 IST">
  <testcase classname="com.ecom_automation.testcases.CheckOut" name="clickOnFullCartAndCheckOutWithOutSigningIn" time="15.02"/>
  <testcase classname="com.ecom_automation.testcases.CheckOut" name="clickOnEmptyCart" time="0.0">
    <ignored/>
  </testcase> <!-- clickOnEmptyCart -->
</testsuite> <!-- Default test -->
