<?xml version="1.0" encoding="UTF-8"?>
<testng-results ignored="1" total="2" passed="1" failed="0" skipped="0">
  <reporter-output>
  </reporter-output>
  <suite started-at="2025-06-23T22:19:23 IST" name="Default suite" finished-at="2025-06-23T22:19:32 IST" duration-ms="8697">
    <groups>
    </groups>
    <test started-at="2025-06-23T22:19:23 IST" name="Default test" finished-at="2025-06-23T22:19:32 IST" duration-ms="8697">
      <class name="com.ecom_automation.testcases.Search">
        <test-method is-config="true" signature="setUp()[pri:0, instance:com.ecom_automation.testcases.Search@1fa121e2]" started-at="2025-06-23T22:19:23 IST" name="setUp" finished-at="2025-06-23T22:19:30 IST" duration-ms="6758" status="PASS">
          <reporter-output>
          </reporter-output>
        </test-method> <!-- setUp -->
        <test-method signature="verifySearchWithInalidProductName()[pri:2, instance:com.ecom_automation.testcases.Search@1fa121e2]" started-at="2025-06-23T22:19:30 IST" name="verifySearchWithInalidProductName" finished-at="2025-06-23T22:19:32 IST" duration-ms="1582" status="PASS">
          <reporter-output>
          </reporter-output>
        </test-method> <!-- verifySearchWithInalidProductName -->
        <test-method is-config="true" signature="tearDown()[pri:0, instance:com.ecom_automation.testcases.Search@1fa121e2]" started-at="2025-06-23T22:19:32 IST" name="tearDown" finished-at="2025-06-23T22:19:32 IST" duration-ms="304" status="PASS">
          <reporter-output>
          </reporter-output>
        </test-method> <!-- tearDown -->
      </class> <!-- com.ecom_automation.testcases.Search -->
    </test> <!-- Default test -->
  </suite> <!-- Default suite -->
</testng-results>
