<?xml version="1.0" encoding="UTF-8"?>
<!-- Generated by org.testng.reporters.JUnitXMLReporter -->
<testsuite ignored="0" hostname="URNA" failures="0" tests="9" name="E_commerce App Testcases" time="113.363" errors="0" timestamp="2025-06-20T00:14:22 IST">
  <testcase classname="com.ecom_automation.testcases.Register" name="verifyRegisterWithAllFields" time="4.851"/>
  <testcase classname="com.ecom_automation.testcases.Register" name="verifyRegisterWithExistingEmail" time="2.937"/>
  <testcase classname="com.ecom_automation.testcases.Login" name="verifyLoginWithValidCredentials" time="4.824"/>
  <testcase classname="com.ecom_automation.testcases.Login" name="verifyLoginWithInalidCredentials" time="2.039"/>
  <testcase classname="com.ecom_automation.testcases.Search" name="verifySearchWithValidProductName" time="4.083"/>
  <testcase classname="com.ecom_automation.testcases.Search" name="verifySearchWithInalidProductName" time="2.075"/>
  <testcase classname="com.ecom_automation.testcases.AddToCart" name="addProductToCart" time="4.711"/>
  <testcase classname="com.ecom_automation.testcases.CheckOut" name="clickOnFullCartAndCheckOutWithOutSigningIn" time="17.535"/>
  <testcase classname="com.ecom_automation.testcases.CheckOut" name="clickOnEmptyCart" time="0.363"/>
</testsuite> <!-- E_commerce App Testcases -->
