<?xml version="1.0" encoding="UTF-8"?>
<!-- Generated by org.testng.reporters.JUnitXMLReporter -->
<testsuite ignored="0" hostname="URNA" failures="0" tests="8" name="E_commerce App Testcases" time="101.695" errors="0" timestamp="2025-06-20T00:43:35 IST">
  <testcase classname="com.ecom_automation.testcases.Register" name="verifyRegisterWithAllFields" time="4.581"/>
  <testcase classname="com.ecom_automation.testcases.Register" name="verifyRegisterWithExistingEmail" time="2.723"/>
  <testcase classname="com.ecom_automation.testcases.Login" name="verifyLoginWithValidCredentials" time="4.132"/>
  <testcase classname="com.ecom_automation.testcases.Login" name="verifyLoginWithInalidCredentials" time="2.398"/>
  <testcase classname="com.ecom_automation.testcases.Search" name="verifySearchWithValidProductName" time="3.893"/>
  <testcase classname="com.ecom_automation.testcases.Search" name="verifySearchWithInalidProductName" time="2.621"/>
  <testcase classname="com.ecom_automation.testcases.CheckOut" name="clickOnFullCartAndCheckOutWithOutSigningIn" time="17.446"/>
  <testcase classname="com.ecom_automation.testcases.CheckOut" name="clickOnEmptyCart" time="0.337"/>
</testsuite> <!-- E_commerce App Testcases -->
